<?xml version="1.0" encoding="UTF-8"?>
<testsuite name="tests.GitHub.AnnotationTest" tests="1" skipped="0" failures="0" errors="0" timestamp="2021-07-26T05:49:16" hostname="DESKTOP-RN1H17O" time="12.534">
  <properties/>
  <testcase name="createIssuesGitHub()" classname="tests.GitHub.AnnotationTest" time="12.534"/>
  <system-out><![CDATA[]]></system-out>
  <system-err><![CDATA[[Test worker] INFO com.codeborne.selenide.impl.WebDriverThreadLocalContainer - No webdriver is bound to current thread: 15 - let's create a new webdriver
[Test worker] INFO com.codeborne.selenide.impl.FileHelper - Creating folder: C:\Users\Александр\IdeaProjects\qa_guru\build\downloads\1627278556344_10380_15
[Test worker] INFO io.github.bonigarcia.wdm.WebDriverManager - Using chromedriver 91.0.4472.101 (resolved driver for Chrome 91)
[Test worker] INFO io.github.bonigarcia.wdm.WebDriverManager - Exporting webdriver.chrome.driver as C:\Users\Александр\.cache\selenium\chromedriver\win32\91.0.4472.101\chromedriver.exe
[Test worker] INFO com.codeborne.selenide.webdriver.AbstractDriverFactory - Write webdriver logs to: C:\Users\Александр\IdeaProjects\qa_guru\build\reports\tests\webdriver.1627278557639_10380_15.log
Starting ChromeDriver 91.0.4472.101 (af52a90bf87030dd1523486a1cd3ae25c5d76c9b-refs/branch-heads/4472@{#1462}) on port 48343
Only local connections are allowed.
Please see https://chromedriver.chromium.org/security-considerations for suggestions on keeping ChromeDriver safe.
ChromeDriver was started successfully.
июл. 26, 2021 10:49:19 AM org.openqa.selenium.remote.ProtocolHandshake createSession
INFO: Detected dialect: W3C
[Test worker] INFO com.codeborne.selenide.webdriver.BrowserResizer - Set browser size to 1366x768
[Test worker] INFO com.codeborne.selenide.webdriver.WebDriverFactory - BrowserName=chrome Version=91.0.4472.124 Platform=WINDOWS
[Test worker] INFO com.codeborne.selenide.webdriver.WebDriverFactory - Selenide v. 5.15.1
[Test worker] INFO com.codeborne.selenide.webdriver.WebDriverFactory - Selenium WebDriver v. 3.141.59 build time: 2018-11-14T08:17:03
[Test worker] INFO com.codeborne.selenide.drivercommands.CreateDriverCommand - Create webdriver in current thread 15: ChromeDriver -> ChromeDriver: chrome on WINDOWS (962f017665fbaf09270695d191e5de26)
]]></system-err>
</testsuite>
